[0.019s] Invoking command in '/home/lin/ros2_study/demo8/build/camera_stream': CMAKE_PREFIX_PATH=/opt/ros/humble /usr/bin/cmake --build /home/lin/ros2_study/demo8/build/camera_stream -- -j20 -l20
[0.033s] -- Found ament_cmake: 1.3.6 (/opt/ros/humble/share/ament_cmake/cmake)
[0.106s] -- Found OpenCV: /usr (found version "4.5.4") 
[0.107s] -- Found rclcpp: 16.0.7 (/opt/ros/humble/share/rclcpp/cmake)
[0.127s] -- Found rosidl_generator_c: 3.1.5 (/opt/ros/humble/share/rosidl_generator_c/cmake)
[0.130s] -- Found rosidl_adapter: 3.1.5 (/opt/ros/humble/share/rosidl_adapter/cmake)
[0.134s] -- Found rosidl_generator_cpp: 3.1.5 (/opt/ros/humble/share/rosidl_generator_cpp/cmake)
[0.141s] -- Using all available rosidl_typesupport_c: rosidl_typesupport_fastrtps_c;rosidl_typesupport_introspection_c
[0.150s] -- Using all available rosidl_typesupport_cpp: rosidl_typesupport_fastrtps_cpp;rosidl_typesupport_introspection_cpp
[0.187s] -- Found rmw_implementation_cmake: 6.1.1 (/opt/ros/humble/share/rmw_implementation_cmake/cmake)
[0.188s] -- Found rmw_fastrtps_cpp: 6.2.5 (/opt/ros/humble/share/rmw_fastrtps_cpp/cmake)
[0.231s] -- Found OpenSSL: /usr/lib/x86_64-linux-gnu/libcrypto.so (found version "3.0.2")  
[0.244s] -- Found FastRTPS: /opt/ros/humble/include  
[0.266s] -- Using RMW implementation 'rmw_fastrtps_cpp' as default
[0.272s] -- Looking for pthread.h
[0.303s] -- Looking for pthread.h - found
[0.303s] -- Performing Test CMAKE_HAVE_LIBC_PTHREAD
[0.336s] -- Performing Test CMAKE_HAVE_LIBC_PTHREAD - Success
[0.337s] -- Found Threads: TRUE  
[0.424s] -- Found sensor_msgs: 4.2.3 (/opt/ros/humble/share/sensor_msgs/cmake)
[0.528s] -- Found cv_bridge: 3.2.1 (/opt/ros/humble/share/cv_bridge/cmake)
[0.533s] -- Found image_transport: 3.1.7 (/opt/ros/humble/share/image_transport/cmake)
[0.568s] -- Found rosidl_default_generators: 1.2.0 (/opt/ros/humble/share/rosidl_default_generators/cmake)
[0.579s] [31mCMake Error at CMakeLists.txt:24 (target_link_directories):
[0.579s]   target_link_directories called with invalid arguments
[0.579s] 
[0.579s] [0m
[0.581s] -- Found ament_lint_auto: 0.12.9 (/opt/ros/humble/share/ament_lint_auto/cmake)
[0.631s] -- Added test 'cppcheck' to perform static code analysis on C / C++ code
[0.631s] -- Configured cppcheck include dirs: 
[0.631s] -- Configured cppcheck exclude dirs and/or files: 
[0.632s] -- Added test 'lint_cmake' to check CMake code style
[0.632s] -- Added test 'uncrustify' to check C / C++ code style
[0.632s] -- Configured uncrustify additional arguments: 
[0.632s] -- Added test 'xmllint' to check XML markup files
[0.633s] -- Configuring incomplete, errors occurred!
[0.633s] See also "/home/lin/ros2_study/demo8/build/camera_stream/CMakeFiles/CMakeOutput.log".
[0.639s] gmake: *** [Makefile:226：cmake_check_build_system] 错误 1
[0.640s] Invoked command in '/home/lin/ros2_study/demo8/build/camera_stream' returned '2': CMAKE_PREFIX_PATH=/opt/ros/humble /usr/bin/cmake --build /home/lin/ros2_study/demo8/build/camera_stream -- -j20 -l20
