[0.028s] Invoking command in '/home/lin/ros2_study/demo8/build/camera_stream': CMAKE_PREFIX_PATH=/opt/ros/humble /usr/bin/cmake --build /home/lin/ros2_study/demo8/build/camera_stream -- -j20 -l20
[0.048s] -- Found ament_cmake: 1.3.6 (/opt/ros/humble/share/ament_cmake/cmake)
[0.155s] -- Found rclcpp: 16.0.7 (/opt/ros/humble/share/rclcpp/cmake)
[0.181s] -- Found rosidl_generator_c: 3.1.5 (/opt/ros/humble/share/rosidl_generator_c/cmake)
[0.182s] -- Found rosidl_adapter: 3.1.5 (/opt/ros/humble/share/rosidl_adapter/cmake)
[0.187s] -- Found rosidl_generator_cpp: 3.1.5 (/opt/ros/humble/share/rosidl_generator_cpp/cmake)
[0.195s] -- Using all available rosidl_typesupport_c: rosidl_typesupport_fastrtps_c;rosidl_typesupport_introspection_c
[0.208s] -- Using all available rosidl_typesupport_cpp: rosidl_typesupport_fastrtps_cpp;rosidl_typesupport_introspection_cpp
[0.253s] -- Found rmw_implementation_cmake: 6.1.1 (/opt/ros/humble/share/rmw_implementation_cmake/cmake)
[0.254s] -- Found rmw_fastrtps_cpp: 6.2.5 (/opt/ros/humble/share/rmw_fastrtps_cpp/cmake)
[0.335s] -- Using RMW implementation 'rmw_fastrtps_cpp' as default
[0.462s] -- Found sensor_msgs: 4.2.3 (/opt/ros/humble/share/sensor_msgs/cmake)
[0.533s] -- Found cv_bridge: 3.2.1 (/opt/ros/humble/share/cv_bridge/cmake)
[0.537s] -- Found image_transport: 3.1.7 (/opt/ros/humble/share/image_transport/cmake)
[0.554s] -- Found rosidl_default_generators: 1.2.0 (/opt/ros/humble/share/rosidl_default_generators/cmake)
[0.561s] -- Found ament_lint_auto: 0.12.9 (/opt/ros/humble/share/ament_lint_auto/cmake)
[0.596s] -- Added test 'cppcheck' to perform static code analysis on C / C++ code
[0.597s] -- Configured cppcheck include dirs: 
[0.597s] -- Configured cppcheck exclude dirs and/or files: 
[0.597s] -- Added test 'lint_cmake' to check CMake code style
[0.597s] -- Added test 'uncrustify' to check C / C++ code style
[0.597s] -- Configured uncrustify additional arguments: 
[0.598s] -- Added test 'xmllint' to check XML markup files
[0.598s] -- Configuring done
[0.610s] -- Generating done
[0.610s] -- Build files have been written to: /home/lin/ros2_study/demo8/build/camera_stream
[0.625s] [35m[1mConsolidate compiler generated dependencies of target img_sub[0m
[0.625s] [35m[1mConsolidate compiler generated dependencies of target img_pub[0m
[0.636s] [ 50%] Built target img_sub
[0.652s] [100%] Built target img_pub
[0.661s] Invoked command in '/home/lin/ros2_study/demo8/build/camera_stream' returned '0': CMAKE_PREFIX_PATH=/opt/ros/humble /usr/bin/cmake --build /home/lin/ros2_study/demo8/build/camera_stream -- -j20 -l20
[0.712s] Invoking command in '/home/lin/ros2_study/demo8/build/camera_stream': CMAKE_PREFIX_PATH=/opt/ros/humble /usr/bin/cmake --install /home/lin/ros2_study/demo8/build/camera_stream
[0.718s] -- Install configuration: ""
[0.718s] -- Up-to-date: /home/lin/ros2_study/demo8/install/camera_stream/lib/camera_stream/img_pub
[0.718s] -- Up-to-date: /home/lin/ros2_study/demo8/install/camera_stream/lib/camera_stream/img_sub
[0.718s] -- Up-to-date: /home/lin/ros2_study/demo8/install/camera_stream/share/ament_index/resource_index/package_run_dependencies/camera_stream
[0.718s] -- Up-to-date: /home/lin/ros2_study/demo8/install/camera_stream/share/ament_index/resource_index/parent_prefix_path/camera_stream
[0.718s] -- Up-to-date: /home/lin/ros2_study/demo8/install/camera_stream/share/camera_stream/environment/ament_prefix_path.sh
[0.718s] -- Installing: /home/lin/ros2_study/demo8/install/camera_stream/share/camera_stream/environment/ament_prefix_path.dsv
[0.718s] -- Up-to-date: /home/lin/ros2_study/demo8/install/camera_stream/share/camera_stream/environment/path.sh
[0.718s] -- Installing: /home/lin/ros2_study/demo8/install/camera_stream/share/camera_stream/environment/path.dsv
[0.719s] -- Up-to-date: /home/lin/ros2_study/demo8/install/camera_stream/share/camera_stream/local_setup.bash
[0.719s] -- Up-to-date: /home/lin/ros2_study/demo8/install/camera_stream/share/camera_stream/local_setup.sh
[0.719s] -- Up-to-date: /home/lin/ros2_study/demo8/install/camera_stream/share/camera_stream/local_setup.zsh
[0.719s] -- Installing: /home/lin/ros2_study/demo8/install/camera_stream/share/camera_stream/local_setup.dsv
[0.719s] -- Installing: /home/lin/ros2_study/demo8/install/camera_stream/share/camera_stream/package.dsv
[0.719s] -- Up-to-date: /home/lin/ros2_study/demo8/install/camera_stream/share/ament_index/resource_index/packages/camera_stream
[0.719s] -- Up-to-date: /home/lin/ros2_study/demo8/install/camera_stream/share/camera_stream/cmake/camera_streamConfig.cmake
[0.719s] -- Up-to-date: /home/lin/ros2_study/demo8/install/camera_stream/share/camera_stream/cmake/camera_streamConfig-version.cmake
[0.719s] -- Up-to-date: /home/lin/ros2_study/demo8/install/camera_stream/share/camera_stream/package.xml
[0.720s] Invoked command in '/home/lin/ros2_study/demo8/build/camera_stream' returned '0': CMAKE_PREFIX_PATH=/opt/ros/humble /usr/bin/cmake --install /home/lin/ros2_study/demo8/build/camera_stream
