[0.021s] Invoking command in '/home/lin/ros2_study/demo8/build/camera_stream': CMAKE_PREFIX_PATH=/opt/ros/humble /usr/bin/cmake --build /home/lin/ros2_study/demo8/build/camera_stream -- -j20 -l20
[0.056s] [ 50%] Built target img_sub
[0.060s] [ 75%] [32mBuilding CXX object CMakeFiles/img_pub.dir/src/img_pub.cpp.o[0m
[2.057s] [100%] [32m[1mLinking CXX executable img_pub[0m
[2.347s] [100%] Built target img_pub
[2.355s] Invoked command in '/home/lin/ros2_study/demo8/build/camera_stream' returned '0': CMAKE_PREFIX_PATH=/opt/ros/humble /usr/bin/cmake --build /home/lin/ros2_study/demo8/build/camera_stream -- -j20 -l20
[2.376s] Invoking command in '/home/lin/ros2_study/demo8/build/camera_stream': CMAKE_PREFIX_PATH=/opt/ros/humble /usr/bin/cmake --install /home/lin/ros2_study/demo8/build/camera_stream
[2.383s] -- Install configuration: ""
[2.383s] -- Installing: /home/lin/ros2_study/demo8/install/camera_stream/lib/camera_stream/img_pub
[2.383s] -- Set runtime path of "/home/lin/ros2_study/demo8/install/camera_stream/lib/camera_stream/img_pub" to ""
[2.383s] -- Up-to-date: /home/lin/ros2_study/demo8/install/camera_stream/lib/camera_stream/img_sub
[2.383s] -- Up-to-date: /home/lin/ros2_study/demo8/install/camera_stream/share/ament_index/resource_index/package_run_dependencies/camera_stream
[2.383s] -- Up-to-date: /home/lin/ros2_study/demo8/install/camera_stream/share/ament_index/resource_index/parent_prefix_path/camera_stream
[2.383s] -- Up-to-date: /home/lin/ros2_study/demo8/install/camera_stream/share/camera_stream/environment/ament_prefix_path.sh
[2.383s] -- Up-to-date: /home/lin/ros2_study/demo8/install/camera_stream/share/camera_stream/environment/ament_prefix_path.dsv
[2.383s] -- Up-to-date: /home/lin/ros2_study/demo8/install/camera_stream/share/camera_stream/environment/path.sh
[2.383s] -- Up-to-date: /home/lin/ros2_study/demo8/install/camera_stream/share/camera_stream/environment/path.dsv
[2.383s] -- Up-to-date: /home/lin/ros2_study/demo8/install/camera_stream/share/camera_stream/local_setup.bash
[2.383s] -- Up-to-date: /home/lin/ros2_study/demo8/install/camera_stream/share/camera_stream/local_setup.sh
[2.383s] -- Up-to-date: /home/lin/ros2_study/demo8/install/camera_stream/share/camera_stream/local_setup.zsh
[2.383s] -- Up-to-date: /home/lin/ros2_study/demo8/install/camera_stream/share/camera_stream/local_setup.dsv
[2.383s] -- Up-to-date: /home/lin/ros2_study/demo8/install/camera_stream/share/camera_stream/package.dsv
[2.383s] -- Up-to-date: /home/lin/ros2_study/demo8/install/camera_stream/share/ament_index/resource_index/packages/camera_stream
[2.383s] -- Up-to-date: /home/lin/ros2_study/demo8/install/camera_stream/share/camera_stream/cmake/camera_streamConfig.cmake
[2.383s] -- Up-to-date: /home/lin/ros2_study/demo8/install/camera_stream/share/camera_stream/cmake/camera_streamConfig-version.cmake
[2.384s] -- Up-to-date: /home/lin/ros2_study/demo8/install/camera_stream/share/camera_stream/package.xml
[2.396s] Invoked command in '/home/lin/ros2_study/demo8/build/camera_stream' returned '0': CMAKE_PREFIX_PATH=/opt/ros/humble /usr/bin/cmake --install /home/lin/ros2_study/demo8/build/camera_stream
