[0.040s] Invoking command in '/home/lin/ros2_study/demo8/build/camera_stream': CMAKE_PREFIX_PATH=/opt/ros/humble /usr/bin/cmake --build /home/lin/ros2_study/demo8/build/camera_stream -- -j20 -l20
[0.064s] [35m[1mConsolidate compiler generated dependencies of target img_pub[0m
[0.081s] [100%] Built target img_pub
[0.096s] Invoked command in '/home/lin/ros2_study/demo8/build/camera_stream' returned '0': CMAKE_PREFIX_PATH=/opt/ros/humble /usr/bin/cmake --build /home/lin/ros2_study/demo8/build/camera_stream -- -j20 -l20
[0.168s] Invoking command in '/home/lin/ros2_study/demo8/build/camera_stream': CMAKE_PREFIX_PATH=/opt/ros/humble /usr/bin/cmake --install /home/lin/ros2_study/demo8/build/camera_stream
[0.176s] -- Install configuration: ""
[0.176s] -- Up-to-date: /home/lin/ros2_study/demo8/install/camera_stream/lib/camera_stream/img_pub
[0.176s] -- Up-to-date: /home/lin/ros2_study/demo8/install/camera_stream/share/ament_index/resource_index/package_run_dependencies/camera_stream
[0.176s] -- Up-to-date: /home/lin/ros2_study/demo8/install/camera_stream/share/ament_index/resource_index/parent_prefix_path/camera_stream
[0.176s] -- Up-to-date: /home/lin/ros2_study/demo8/install/camera_stream/share/camera_stream/environment/ament_prefix_path.sh
[0.176s] -- Up-to-date: /home/lin/ros2_study/demo8/install/camera_stream/share/camera_stream/environment/ament_prefix_path.dsv
[0.176s] -- Up-to-date: /home/lin/ros2_study/demo8/install/camera_stream/share/camera_stream/environment/path.sh
[0.176s] -- Up-to-date: /home/lin/ros2_study/demo8/install/camera_stream/share/camera_stream/environment/path.dsv
[0.176s] -- Up-to-date: /home/lin/ros2_study/demo8/install/camera_stream/share/camera_stream/local_setup.bash
[0.176s] -- Up-to-date: /home/lin/ros2_study/demo8/install/camera_stream/share/camera_stream/local_setup.sh
[0.176s] -- Up-to-date: /home/lin/ros2_study/demo8/install/camera_stream/share/camera_stream/local_setup.zsh
[0.176s] -- Up-to-date: /home/lin/ros2_study/demo8/install/camera_stream/share/camera_stream/local_setup.dsv
[0.176s] -- Installing: /home/lin/ros2_study/demo8/install/camera_stream/share/camera_stream/package.dsv
[0.176s] -- Up-to-date: /home/lin/ros2_study/demo8/install/camera_stream/share/ament_index/resource_index/packages/camera_stream
[0.176s] -- Up-to-date: /home/lin/ros2_study/demo8/install/camera_stream/share/camera_stream/cmake/camera_streamConfig.cmake
[0.176s] -- Up-to-date: /home/lin/ros2_study/demo8/install/camera_stream/share/camera_stream/cmake/camera_streamConfig-version.cmake
[0.176s] -- Up-to-date: /home/lin/ros2_study/demo8/install/camera_stream/share/camera_stream/package.xml
[0.176s] Invoked command in '/home/lin/ros2_study/demo8/build/camera_stream' returned '0': CMAKE_PREFIX_PATH=/opt/ros/humble /usr/bin/cmake --install /home/lin/ros2_study/demo8/build/camera_stream
