-- The C compiler identification is GNU 11.4.0
-- The CXX compiler identification is GNU 11.4.0
-- Detecting C compiler ABI info
-- Detecting C compiler ABI info - done
-- Check for working C compiler: /usr/bin/cc - skipped
-- Detecting C compile features
-- Detecting C compile features - done
-- Detecting CXX compiler ABI info
-- Detecting CXX compiler ABI info - done
-- Check for working CXX compiler: /usr/bin/c++ - skipped
-- Detecting CXX compile features
-- Detecting CXX compile features - done
-- Found ament_cmake: 1.3.6 (/opt/ros/humble/share/ament_cmake/cmake)
-- Found Python3: /usr/bin/python3.10 (found version "3.10.12") found components: Interpreter 
-- Found ament_lint_auto: 0.12.9 (/opt/ros/humble/share/ament_lint_auto/cmake)
-- Added test 'lint_cmake' to check CMake code style
-- Added test 'xmllint' to check XML markup files
-- Configuring done
-- Generating done
-- Build files have been written to: /home/lin/ros2_study/demo8/build/camera_stream
-- Install configuration: ""
-- Installing: /home/lin/ros2_study/demo8/install/camera_stream/share/ament_index/resource_index/package_run_dependencies/camera_stream
-- Installing: /home/lin/ros2_study/demo8/install/camera_stream/share/ament_index/resource_index/parent_prefix_path/camera_stream
-- Installing: /home/lin/ros2_study/demo8/install/camera_stream/share/camera_stream/environment/ament_prefix_path.sh
-- Installing: /home/lin/ros2_study/demo8/install/camera_stream/share/camera_stream/environment/ament_prefix_path.dsv
-- Installing: /home/lin/ros2_study/demo8/install/camera_stream/share/camera_stream/environment/path.sh
-- Installing: /home/lin/ros2_study/demo8/install/camera_stream/share/camera_stream/environment/path.dsv
-- Installing: /home/lin/ros2_study/demo8/install/camera_stream/share/camera_stream/local_setup.bash
-- Installing: /home/lin/ros2_study/demo8/install/camera_stream/share/camera_stream/local_setup.sh
-- Installing: /home/lin/ros2_study/demo8/install/camera_stream/share/camera_stream/local_setup.zsh
-- Installing: /home/lin/ros2_study/demo8/install/camera_stream/share/camera_stream/local_setup.dsv
-- Installing: /home/lin/ros2_study/demo8/install/camera_stream/share/camera_stream/package.dsv
-- Installing: /home/lin/ros2_study/demo8/install/camera_stream/share/ament_index/resource_index/packages/camera_stream
-- Installing: /home/lin/ros2_study/demo8/install/camera_stream/share/camera_stream/cmake/camera_streamConfig.cmake
-- Installing: /home/lin/ros2_study/demo8/install/camera_stream/share/camera_stream/cmake/camera_streamConfig-version.cmake
-- Installing: /home/lin/ros2_study/demo8/install/camera_stream/share/camera_stream/package.xml
