[0.025s] Invoking command in '/home/lin/ros2_study/demo8/build/camera_stream': CMAKE_PREFIX_PATH=/opt/ros/humble /usr/bin/cmake /home/lin/ros2_study/demo8/src/camera_stream -DCMAKE_INSTALL_PREFIX=/home/lin/ros2_study/demo8/install/camera_stream
[0.084s] -- The C compiler identification is GNU 11.4.0
[0.129s] -- The CXX compiler identification is GNU 11.4.0
[0.133s] -- Detecting C compiler ABI info
[0.168s] -- Detecting C compiler ABI info - done
[0.170s] -- Check for working C compiler: /usr/bin/cc - skipped
[0.171s] -- Detecting C compile features
[0.172s] -- Detecting C compile features - done
[0.173s] -- Detecting CXX compiler ABI info
[0.212s] -- Detecting CXX compiler ABI info - done
[0.216s] -- Check for working CXX compiler: /usr/bin/c++ - skipped
[0.216s] -- Detecting CXX compile features
[0.216s] -- Detecting CXX compile features - done
[0.218s] -- Found ament_cmake: 1.3.6 (/opt/ros/humble/share/ament_cmake/cmake)
[0.300s] -- Found Python3: /usr/bin/python3.10 (found version "3.10.12") found components: Interpreter 
[0.342s] -- Found ament_lint_auto: 0.12.9 (/opt/ros/humble/share/ament_lint_auto/cmake)
[0.381s] -- Added test 'lint_cmake' to check CMake code style
[0.382s] -- Added test 'xmllint' to check XML markup files
[0.383s] -- Configuring done
[0.384s] -- Generating done
[0.384s] -- Build files have been written to: /home/lin/ros2_study/demo8/build/camera_stream
[0.387s] Invoked command in '/home/lin/ros2_study/demo8/build/camera_stream' returned '0': CMAKE_PREFIX_PATH=/opt/ros/humble /usr/bin/cmake /home/lin/ros2_study/demo8/src/camera_stream -DCMAKE_INSTALL_PREFIX=/home/lin/ros2_study/demo8/install/camera_stream
[0.387s] Invoking command in '/home/lin/ros2_study/demo8/build/camera_stream': CMAKE_PREFIX_PATH=/opt/ros/humble /usr/bin/cmake --build /home/lin/ros2_study/demo8/build/camera_stream -- -j20 -l20
[0.416s] Invoked command in '/home/lin/ros2_study/demo8/build/camera_stream' returned '0': CMAKE_PREFIX_PATH=/opt/ros/humble /usr/bin/cmake --build /home/lin/ros2_study/demo8/build/camera_stream -- -j20 -l20
[0.447s] Invoking command in '/home/lin/ros2_study/demo8/build/camera_stream': CMAKE_PREFIX_PATH=/opt/ros/humble /usr/bin/cmake --install /home/lin/ros2_study/demo8/build/camera_stream
[0.450s] -- Install configuration: ""
[0.450s] -- Installing: /home/lin/ros2_study/demo8/install/camera_stream/share/ament_index/resource_index/package_run_dependencies/camera_stream
[0.451s] -- Installing: /home/lin/ros2_study/demo8/install/camera_stream/share/ament_index/resource_index/parent_prefix_path/camera_stream
[0.451s] -- Installing: /home/lin/ros2_study/demo8/install/camera_stream/share/camera_stream/environment/ament_prefix_path.sh
[0.451s] -- Installing: /home/lin/ros2_study/demo8/install/camera_stream/share/camera_stream/environment/ament_prefix_path.dsv
[0.451s] -- Installing: /home/lin/ros2_study/demo8/install/camera_stream/share/camera_stream/environment/path.sh
[0.451s] -- Installing: /home/lin/ros2_study/demo8/install/camera_stream/share/camera_stream/environment/path.dsv
[0.451s] -- Installing: /home/lin/ros2_study/demo8/install/camera_stream/share/camera_stream/local_setup.bash
[0.451s] -- Installing: /home/lin/ros2_study/demo8/install/camera_stream/share/camera_stream/local_setup.sh
[0.451s] -- Installing: /home/lin/ros2_study/demo8/install/camera_stream/share/camera_stream/local_setup.zsh
[0.451s] -- Installing: /home/lin/ros2_study/demo8/install/camera_stream/share/camera_stream/local_setup.dsv
[0.451s] -- Installing: /home/lin/ros2_study/demo8/install/camera_stream/share/camera_stream/package.dsv
[0.451s] -- Installing: /home/lin/ros2_study/demo8/install/camera_stream/share/ament_index/resource_index/packages/camera_stream
[0.451s] -- Installing: /home/lin/ros2_study/demo8/install/camera_stream/share/camera_stream/cmake/camera_streamConfig.cmake
[0.451s] -- Installing: /home/lin/ros2_study/demo8/install/camera_stream/share/camera_stream/cmake/camera_streamConfig-version.cmake
[0.451s] -- Installing: /home/lin/ros2_study/demo8/install/camera_stream/share/camera_stream/package.xml
[0.458s] Invoked command in '/home/lin/ros2_study/demo8/build/camera_stream' returned '0': CMAKE_PREFIX_PATH=/opt/ros/humble /usr/bin/cmake --install /home/lin/ros2_study/demo8/build/camera_stream
